[2023-04-09 06:07:06,177: INFO/MainProcess] Connected to redis://localhost:6379//
[2023-04-09 06:07:06,186: INFO/MainProcess] mingle: searching for neighbors
[2023-04-09 06:07:07,219: INFO/MainProcess] mingle: all alone
[2023-04-09 06:07:07,277: WARNING/MainProcess] /Users/shivamenta/.local/share/virtualenvs/milestone-monitor-U6VeiWHH/lib/python3.10/site-packages/celery/fixups/django.py:203: UserWarning: Using settings.DEBUG leads to a memory
            leak, never use this setting in production environments!
  warnings.warn('''Using settings.DEBUG leads to a memory

[2023-04-09 06:07:07,278: INFO/MainProcess] celery@Shivas-MacBook-Pro.local ready.
[2023-04-09 06:36:03,228: INFO/MainProcess] Task send_reminder_message[d076b144-70db-468b-8512-76a164fa94be] received
[2023-04-09 06:36:03,592: INFO/ForkPoolWorker-8] -- BEGIN Twilio API Request --
[2023-04-09 06:36:03,598: INFO/ForkPoolWorker-8] POST Request: https://api.twilio.com/2010-04-01/Accounts/ACde7d6fe919f6bfe9030fbca845f4087b/Messages.json
[2023-04-09 06:36:03,599: INFO/ForkPoolWorker-8] Headers:
[2023-04-09 06:36:03,599: INFO/ForkPoolWorker-8] User-Agent : twilio-python/8.0.0 (Darwin x86_64) Python/3.10.9
[2023-04-09 06:36:03,599: INFO/ForkPoolWorker-8] X-Twilio-Client : python-8.0.0
[2023-04-09 06:36:03,599: INFO/ForkPoolWorker-8] Accept-Charset : utf-8
[2023-04-09 06:36:03,600: INFO/ForkPoolWorker-8] Content-Type : application/x-www-form-urlencoded
[2023-04-09 06:36:03,600: INFO/ForkPoolWorker-8] Accept : application/json
[2023-04-09 06:36:03,603: INFO/ForkPoolWorker-8] -- END Twilio API Request --
[2023-04-09 06:36:03,936: INFO/ForkPoolWorker-8] Response Status Code: 201
[2023-04-09 06:36:03,937: INFO/ForkPoolWorker-8] Response Headers: {'Date': 'Sun, 09 Apr 2023 06:36:03 GMT', 'Content-Type': 'application/json; charset=utf-8', 'Content-Length': '913', 'Connection': 'keep-alive', 'Twilio-Request-Id': 'RQc4ea2482c07d534591fbcd01dba75556', 'Twilio-Request-Duration': '0.099', 'Access-Control-Allow-Origin': '*', 'Access-Control-Allow-Headers': 'Accept, Authorization, Content-Type, If-Match, If-Modified-Since, If-None-Match, If-Unmodified-Since, Idempotency-Key', 'Access-Control-Allow-Methods': 'GET, POST, DELETE, OPTIONS', 'Access-Control-Expose-Headers': 'ETag', 'Access-Control-Allow-Credentials': 'true', 'X-Powered-By': 'AT-5000', 'Twilio-Concurrent-Requests': '1', 'X-Shenanigans': 'none', 'X-Home-Region': 'us1', 'X-API-Domain': 'api.twilio.com', 'Strict-Transport-Security': 'max-age=31536000'}
[2023-04-09 06:36:03,958: INFO/ForkPoolWorker-8] Task send_reminder_message[d076b144-70db-468b-8512-76a164fa94be] succeeded in 0.6181067599682137s: None
[2023-04-09 06:37:02,859: INFO/MainProcess] Task send_reminder_message[ec5223b4-6011-4d34-9d2e-fb54e0f07cbc] received
[2023-04-09 06:37:02,864: INFO/ForkPoolWorker-8] -- BEGIN Twilio API Request --
[2023-04-09 06:37:02,864: INFO/ForkPoolWorker-8] POST Request: https://api.twilio.com/2010-04-01/Accounts/ACde7d6fe919f6bfe9030fbca845f4087b/Messages.json
[2023-04-09 06:37:02,865: INFO/ForkPoolWorker-8] Headers:
[2023-04-09 06:37:02,865: INFO/ForkPoolWorker-8] User-Agent : twilio-python/8.0.0 (Darwin x86_64) Python/3.10.9
[2023-04-09 06:37:02,865: INFO/ForkPoolWorker-8] X-Twilio-Client : python-8.0.0
[2023-04-09 06:37:02,865: INFO/ForkPoolWorker-8] Accept-Charset : utf-8
[2023-04-09 06:37:02,866: INFO/ForkPoolWorker-8] Content-Type : application/x-www-form-urlencoded
[2023-04-09 06:37:02,866: INFO/ForkPoolWorker-8] Accept : application/json
[2023-04-09 06:37:02,866: INFO/ForkPoolWorker-8] -- END Twilio API Request --
[2023-04-09 06:37:02,974: INFO/ForkPoolWorker-8] Response Status Code: 201
[2023-04-09 06:37:02,974: INFO/ForkPoolWorker-8] Response Headers: {'Date': 'Sun, 09 Apr 2023 06:37:03 GMT', 'Content-Type': 'application/json; charset=utf-8', 'Content-Length': '913', 'Connection': 'keep-alive', 'Twilio-Request-Id': 'RQ13491489972faa8c6336c8c791a6ecf7', 'Twilio-Request-Duration': '0.082', 'Access-Control-Allow-Origin': '*', 'Access-Control-Allow-Headers': 'Accept, Authorization, Content-Type, If-Match, If-Modified-Since, If-None-Match, If-Unmodified-Since, Idempotency-Key', 'Access-Control-Allow-Methods': 'GET, POST, DELETE, OPTIONS', 'Access-Control-Expose-Headers': 'ETag', 'Access-Control-Allow-Credentials': 'true', 'X-Powered-By': 'AT-5000', 'Twilio-Concurrent-Requests': '1', 'X-Shenanigans': 'none', 'X-Home-Region': 'us1', 'X-API-Domain': 'api.twilio.com', 'Strict-Transport-Security': 'max-age=31536000'}
[2023-04-09 06:37:02,980: INFO/ForkPoolWorker-8] Task send_reminder_message[ec5223b4-6011-4d34-9d2e-fb54e0f07cbc] succeeded in 0.11707361601293087s: None
